SF:lib\counter_example\bloc\counter_bloc.dart
DA:7,2
DA:8,2
DA:9,2
DA:10,2
DA:13,1
DA:14,3
DA:16,2
DA:20,0
DA:21,0
DA:22,0
DA:23,0
DA:26,0
DA:27,0
DA:28,0
DA:29,0
LF:15
LH:7
end_of_record
SF:lib\counter_example\bloc\counter_event.dart
DA:7,1
DA:9,0
DA:11,0
LF:3
LH:1
end_of_record
SF:lib\counter_example\bloc\counter_state.dart
DA:11,3
DA:15,0
DA:16,0
DA:17,0
DA:20,1
DA:22,3
LF:6
LH:3
end_of_record
SF:lib\counter_example\model\counter_model.dart
DA:6,3
DA:8,0
DA:9,0
DA:12,0
DA:13,0
DA:16,0
DA:17,0
DA:20,1
DA:22,2
LF:9
LH:3
end_of_record
SF:lib\counter_example\cubit_bloc\cubit_counter_state.dart
DA:6,1
DA:8,0
DA:9,0
DA:12,0
DA:14,0
LF:5
LH:1
end_of_record
SF:lib\counter_example\cubit_bloc\cubit_counter_cubit.dart
DA:8,0
DA:10,0
DA:11,0
DA:14,0
DA:15,0
LF:5
LH:0
end_of_record
